<!DOCTYPE html>

<html>
  <head>
  <meta charset='utf-8'>
  <title>TestNG reports</title>

    <link type="text/css" href="testng-reports.css" rel="stylesheet" />
    <script type="text/javascript" src="jquery-1.7.1.min.js"></script>
    <script type="text/javascript" src="testng-reports.js"></script>
    <script type="text/javascript" src="https://www.google.com/jsapi"></script>
    <script type='text/javascript'>
      google.load('visualization', '1', {packages:['table']});
      google.setOnLoadCallback(drawTable);
      var suiteTableInitFunctions = new Array();
      var suiteTableData = new Array();
    </script>
    <!--
      <script type="text/javascript" src="jquery-ui/js/jquery-ui-1.8.16.custom.min.js"></script>
     -->
  </head>

  <body>
    <div class="top-banner-root">
      <span class="top-banner-title-font">Test results</span>
      <br/>
      <span class="top-banner-font-1">1 suite, 2 failed tests</span>
    </div> <!-- top-banner-root -->
    <div class="navigator-root">
      <div class="navigator-suite-header">
        <span>All suites</span>
        <a href="#" title="Collapse/expand all the suites" class="collapse-all-link">
          <img src="collapseall.gif" class="collapse-all-icon">
          </img> <!-- collapse-all-icon -->
        </a> <!-- collapse-all-link -->
      </div> <!-- navigator-suite-header -->
      <div class="suite">
        <div class="rounded-window">
          <div class="suite-header light-rounded-window-top">
            <a href="#" panel-name="suite-Test_Automation_Regression_Suite" class="navigator-link">
              <span class="suite-name border-failed">Test Automation Regression Suite</span>
            </a> <!-- navigator-link -->
          </div> <!-- suite-header light-rounded-window-top -->
          <div class="navigator-suite-content">
            <div class="suite-section-title">
              <span>Info</span>
            </div> <!-- suite-section-title -->
            <div class="suite-section-content">
              <ul>
                <li>
                  <a href="#" panel-name="test-xml-Test_Automation_Regression_Suite" class="navigator-link ">
                    <span>D:\Selenium\Workspace\HybridTestFramework\src\main\resources\testng_regression.xml</span>
                  </a> <!-- navigator-link  -->
                </li>
                <li>
                  <a href="#" panel-name="testlist-Test_Automation_Regression_Suite" class="navigator-link ">
                    <span class="test-stats">1 test</span>
                  </a> <!-- navigator-link  -->
                </li>
                <li>
                  <a href="#" panel-name="group-Test_Automation_Regression_Suite" class="navigator-link ">
                    <span>0 groups</span>
                  </a> <!-- navigator-link  -->
                </li>
                <li>
                  <a href="#" panel-name="times-Test_Automation_Regression_Suite" class="navigator-link ">
                    <span>Times</span>
                  </a> <!-- navigator-link  -->
                </li>
                <li>
                  <a href="#" panel-name="reporter-Test_Automation_Regression_Suite" class="navigator-link ">
                    <span>Reporter output</span>
                  </a> <!-- navigator-link  -->
                </li>
                <li>
                  <a href="#" panel-name="ignored-methods-Test_Automation_Regression_Suite" class="navigator-link ">
                    <span>Ignored methods</span>
                  </a> <!-- navigator-link  -->
                </li>
                <li>
                  <a href="#" panel-name="chronological-Test_Automation_Regression_Suite" class="navigator-link ">
                    <span>Chronological view</span>
                  </a> <!-- navigator-link  -->
                </li>
              </ul>
            </div> <!-- suite-section-content -->
            <div class="result-section">
              <div class="suite-section-title">
                <span>Results</span>
              </div> <!-- suite-section-title -->
              <div class="suite-section-content">
                <ul>
                  <li>
                    <span class="method-stats">9 methods, 2 failed,   7 passed</span>
                  </li>
                  <li>
                    <span class="method-list-title failed">Failed methods</span>
                    <span class="show-or-hide-methods failed">
                      <a href="#" panel-name="suite-Test_Automation_Regression_Suite" class="hide-methods failed suite-Test_Automation_Regression_Suite"> (hide)</a> <!-- hide-methods failed suite-Test_Automation_Regression_Suite -->
                      <a href="#" panel-name="suite-Test_Automation_Regression_Suite" class="show-methods failed suite-Test_Automation_Regression_Suite"> (show)</a> <!-- show-methods failed suite-Test_Automation_Regression_Suite -->
                    </span>
                    <div class="method-list-content failed suite-Test_Automation_Regression_Suite">
                      <span>
                        <img src="failed.png" width="3%"/>
                        <a href="#" panel-name="suite-Test_Automation_Regression_Suite" title="com.project.qa.TestCases.LandingPageTest" class="method navigator-link" hash-for-method="validatePageTitleTest(public void com.project.qa.TestCases.LandingPageTest.validatePageTitleTest(java.lang.reflect.Method))">validatePageTitleTest(public void com.project.qa.TestCases.LandingPageTest.validatePageTitleTest(java.lang.reflect.Method))</a> <!-- method navigator-link -->
                      </span>
                      <br/>
                      <span>
                        <img src="failed.png" width="3%"/>
                        <a href="#" panel-name="suite-Test_Automation_Regression_Suite" title="com.project.qa.TestCases.LandingPageTest" class="method navigator-link" hash-for-method="validateSearchResultTest(public void com.project.qa.TestCases.LandingPageTest.validateSearchResultTest(java.lang.reflect.Meth...)">validateSearchResultTest(public void com.project.qa.TestCases.LandingPageTest.validateSearchResultTest(java.lang.reflect.Meth...)</a> <!-- method navigator-link -->
                      </span>
                      <br/>
                    </div> <!-- method-list-content failed suite-Test_Automation_Regression_Suite -->
                  </li>
                  <li>
                    <span class="method-list-title passed">Passed methods</span>
                    <span class="show-or-hide-methods passed">
                      <a href="#" panel-name="suite-Test_Automation_Regression_Suite" class="hide-methods passed suite-Test_Automation_Regression_Suite"> (hide)</a> <!-- hide-methods passed suite-Test_Automation_Regression_Suite -->
                      <a href="#" panel-name="suite-Test_Automation_Regression_Suite" class="show-methods passed suite-Test_Automation_Regression_Suite"> (show)</a> <!-- show-methods passed suite-Test_Automation_Regression_Suite -->
                    </span>
                    <div class="method-list-content passed suite-Test_Automation_Regression_Suite">
                      <span>
                        <img src="passed.png" width="3%"/>
                        <a href="#" panel-name="suite-Test_Automation_Regression_Suite" title="com.project.qa.TestCases.HomePageTest" class="method navigator-link" hash-for-method="homePageTitleTest(public void com.project.qa.TestCases.HomePageTest.homePageTitleTest(java.lang.reflect.Method))">homePageTitleTest(public void com.project.qa.TestCases.HomePageTest.homePageTitleTest(java.lang.reflect.Method))</a> <!-- method navigator-link -->
                      </span>
                      <br/>
                      <span>
                        <img src="passed.png" width="3%"/>
                        <a href="#" panel-name="suite-Test_Automation_Regression_Suite" title="com.project.qa.TestCases.HomePageTest" class="method navigator-link" hash-for-method="searchTest(Selenium, public void com.project.qa.TestCases.HomePageTest.searchTest(java.lang.String,java.lang.re...)">searchTest(Selenium, public void com.project.qa.TestCases.HomePageTest.searchTest(java.lang.String,java.lang.re...)</a> <!-- method navigator-link -->
                      </span>
                      <br/>
                      <span>
                        <img src="passed.png" width="3%"/>
                        <a href="#" panel-name="suite-Test_Automation_Regression_Suite" title="com.project.qa.TestCases.HomePageTest" class="method navigator-link" hash-for-method="searchTest(Testing, public void com.project.qa.TestCases.HomePageTest.searchTest(java.lang.String,java.lang.ref...)">searchTest(Testing, public void com.project.qa.TestCases.HomePageTest.searchTest(java.lang.String,java.lang.ref...)</a> <!-- method navigator-link -->
                      </span>
                      <br/>
                      <span>
                        <img src="passed.png" width="3%"/>
                        <a href="#" panel-name="suite-Test_Automation_Regression_Suite" title="com.project.qa.TestCases.HomePageTest" class="method navigator-link" hash-for-method="searchTest(Test, public void com.project.qa.TestCases.HomePageTest.searchTest(java.lang.String,java.lang.reflec...)">searchTest(Test, public void com.project.qa.TestCases.HomePageTest.searchTest(java.lang.String,java.lang.reflec...)</a> <!-- method navigator-link -->
                      </span>
                      <br/>
                      <span>
                        <img src="passed.png" width="3%"/>
                        <a href="#" panel-name="suite-Test_Automation_Regression_Suite" title="com.project.qa.TestCases.HomePageTest" class="method navigator-link" hash-for-method="searchTest(Wikipedia, public void com.project.qa.TestCases.HomePageTest.searchTest(java.lang.String,java.lang.r...)">searchTest(Wikipedia, public void com.project.qa.TestCases.HomePageTest.searchTest(java.lang.String,java.lang.r...)</a> <!-- method navigator-link -->
                      </span>
                      <br/>
                      <span>
                        <img src="passed.png" width="3%"/>
                        <a href="#" panel-name="suite-Test_Automation_Regression_Suite" title="com.project.qa.TestCases.HomePageTest" class="method navigator-link" hash-for-method="validateLogoTest(public void com.project.qa.TestCases.HomePageTest.validateLogoTest(java.lang.reflect.Method))">validateLogoTest(public void com.project.qa.TestCases.HomePageTest.validateLogoTest(java.lang.reflect.Method))</a> <!-- method navigator-link -->
                      </span>
                      <br/>
                      <span>
                        <img src="passed.png" width="3%"/>
                        <a href="#" panel-name="suite-Test_Automation_Regression_Suite" title="com.project.qa.TestCases.ResultPageTest" class="method navigator-link" hash-for-method="validateTitleTest(public void com.project.qa.TestCases.ResultPageTest.validateTitleTest(java.lang.reflect.Method) thro...)">validateTitleTest(public void com.project.qa.TestCases.ResultPageTest.validateTitleTest(java.lang.reflect.Method) thro...)</a> <!-- method navigator-link -->
                      </span>
                      <br/>
                    </div> <!-- method-list-content passed suite-Test_Automation_Regression_Suite -->
                  </li>
                </ul>
              </div> <!-- suite-section-content -->
            </div> <!-- result-section -->
          </div> <!-- navigator-suite-content -->
        </div> <!-- rounded-window -->
      </div> <!-- suite -->
    </div> <!-- navigator-root -->
    <div class="wrapper">
      <div class="main-panel-root">
        <div panel-name="suite-Test_Automation_Regression_Suite" class="panel Test_Automation_Regression_Suite">
          <div class="suite-Test_Automation_Regression_Suite-class-failed">
            <div class="main-panel-header rounded-window-top">
              <img src="failed.png"/>
              <span class="class-name">com.project.qa.TestCases.LandingPageTest</span>
            </div> <!-- main-panel-header rounded-window-top -->
            <div class="main-panel-content rounded-window-bottom">
              <div class="method">
                <div class="method-content">
                  <a name="validatePageTitleTest(public void com.project.qa.TestCases.LandingPageTest.validatePageTitleTest(java.lang.reflect.Method))">
                  </a> <!-- validatePageTitleTest(public void com.project.qa.TestCases.LandingPageTest.validatePageTitleTest(java.lang.reflect.Method)) -->
                  <span class="method-name">validatePageTitleTest</span>
                  <span class="parameters">(public void com.project.qa.TestCases.LandingPageTest.validatePageTitleTest(java.lang.reflect.Method))</span>
                  <div class="stack-trace">java.lang.NullPointerException
	at com.project.qa.TestCases.LandingPageTest.validatePageTitleTest(LandingPageTest.java:43)
... Removed 25 stack frames
</div> <!-- stack-trace -->
                </div> <!-- method-content -->
              </div> <!-- method -->
              <div class="method">
                <div class="method-content">
                  <a name="validateSearchResultTest(public void com.project.qa.TestCases.LandingPageTest.validateSearchResultTest(java.lang.reflect.Meth...)">
                  </a> <!-- validateSearchResultTest(public void com.project.qa.TestCases.LandingPageTest.validateSearchResultTest(java.lang.reflect.Meth...) -->
                  <span class="method-name">validateSearchResultTest</span>
                  <span class="parameters">(public void com.project.qa.TestCases.LandingPageTest.validateSearchResultTest(java.lang.reflect.Method))</span>
                  <div class="stack-trace">java.lang.NullPointerException
	at com.project.qa.TestCases.LandingPageTest.validateSearchResultTest(LandingPageTest.java:50)
... Removed 25 stack frames
</div> <!-- stack-trace -->
                </div> <!-- method-content -->
              </div> <!-- method -->
            </div> <!-- main-panel-content rounded-window-bottom -->
          </div> <!-- suite-Test_Automation_Regression_Suite-class-failed -->
          <div class="suite-Test_Automation_Regression_Suite-class-passed">
            <div class="main-panel-header rounded-window-top">
              <img src="passed.png"/>
              <span class="class-name">com.project.qa.TestCases.HomePageTest</span>
            </div> <!-- main-panel-header rounded-window-top -->
            <div class="main-panel-content rounded-window-bottom">
              <div class="method">
                <div class="method-content">
                  <a name="homePageTitleTest(public void com.project.qa.TestCases.HomePageTest.homePageTitleTest(java.lang.reflect.Method))">
                  </a> <!-- homePageTitleTest(public void com.project.qa.TestCases.HomePageTest.homePageTitleTest(java.lang.reflect.Method)) -->
                  <span class="method-name">homePageTitleTest</span>
                  <span class="parameters">(public void com.project.qa.TestCases.HomePageTest.homePageTitleTest(java.lang.reflect.Method))</span>
                </div> <!-- method-content -->
              </div> <!-- method -->
              <div class="method">
                <div class="method-content">
                  <a name="searchTest(Selenium, public void com.project.qa.TestCases.HomePageTest.searchTest(java.lang.String,java.lang.re...)">
                  </a> <!-- searchTest(Selenium, public void com.project.qa.TestCases.HomePageTest.searchTest(java.lang.String,java.lang.re...) -->
                  <span class="method-name">searchTest</span>
                  <span class="parameters">(Selenium, public void com.project.qa.TestCases.HomePageTest.searchTest(java.lang.String,java.lang.reflect.Method))</span>
                </div> <!-- method-content -->
              </div> <!-- method -->
              <div class="method">
                <div class="method-content">
                  <a name="searchTest(Testing, public void com.project.qa.TestCases.HomePageTest.searchTest(java.lang.String,java.lang.ref...)">
                  </a> <!-- searchTest(Testing, public void com.project.qa.TestCases.HomePageTest.searchTest(java.lang.String,java.lang.ref...) -->
                  <span class="method-name">searchTest</span>
                  <span class="parameters">(Testing, public void com.project.qa.TestCases.HomePageTest.searchTest(java.lang.String,java.lang.reflect.Method))</span>
                </div> <!-- method-content -->
              </div> <!-- method -->
              <div class="method">
                <div class="method-content">
                  <a name="searchTest(Test, public void com.project.qa.TestCases.HomePageTest.searchTest(java.lang.String,java.lang.reflec...)">
                  </a> <!-- searchTest(Test, public void com.project.qa.TestCases.HomePageTest.searchTest(java.lang.String,java.lang.reflec...) -->
                  <span class="method-name">searchTest</span>
                  <span class="parameters">(Test, public void com.project.qa.TestCases.HomePageTest.searchTest(java.lang.String,java.lang.reflect.Method))</span>
                </div> <!-- method-content -->
              </div> <!-- method -->
              <div class="method">
                <div class="method-content">
                  <a name="searchTest(Wikipedia, public void com.project.qa.TestCases.HomePageTest.searchTest(java.lang.String,java.lang.r...)">
                  </a> <!-- searchTest(Wikipedia, public void com.project.qa.TestCases.HomePageTest.searchTest(java.lang.String,java.lang.r...) -->
                  <span class="method-name">searchTest</span>
                  <span class="parameters">(Wikipedia, public void com.project.qa.TestCases.HomePageTest.searchTest(java.lang.String,java.lang.reflect.Method))</span>
                </div> <!-- method-content -->
              </div> <!-- method -->
              <div class="method">
                <div class="method-content">
                  <a name="validateLogoTest(public void com.project.qa.TestCases.HomePageTest.validateLogoTest(java.lang.reflect.Method))">
                  </a> <!-- validateLogoTest(public void com.project.qa.TestCases.HomePageTest.validateLogoTest(java.lang.reflect.Method)) -->
                  <span class="method-name">validateLogoTest</span>
                  <span class="parameters">(public void com.project.qa.TestCases.HomePageTest.validateLogoTest(java.lang.reflect.Method))</span>
                </div> <!-- method-content -->
              </div> <!-- method -->
            </div> <!-- main-panel-content rounded-window-bottom -->
          </div> <!-- suite-Test_Automation_Regression_Suite-class-passed -->
          <div class="suite-Test_Automation_Regression_Suite-class-passed">
            <div class="main-panel-header rounded-window-top">
              <img src="passed.png"/>
              <span class="class-name">com.project.qa.TestCases.ResultPageTest</span>
            </div> <!-- main-panel-header rounded-window-top -->
            <div class="main-panel-content rounded-window-bottom">
              <div class="method">
                <div class="method-content">
                  <a name="validateTitleTest(public void com.project.qa.TestCases.ResultPageTest.validateTitleTest(java.lang.reflect.Method) thro...)">
                  </a> <!-- validateTitleTest(public void com.project.qa.TestCases.ResultPageTest.validateTitleTest(java.lang.reflect.Method) thro...) -->
                  <span class="method-name">validateTitleTest</span>
                  <span class="parameters">(public void com.project.qa.TestCases.ResultPageTest.validateTitleTest(java.lang.reflect.Method) throws java.lang.InterruptedException)</span>
                </div> <!-- method-content -->
              </div> <!-- method -->
            </div> <!-- main-panel-content rounded-window-bottom -->
          </div> <!-- suite-Test_Automation_Regression_Suite-class-passed -->
        </div> <!-- panel Test_Automation_Regression_Suite -->
        <div panel-name="test-xml-Test_Automation_Regression_Suite" class="panel">
          <div class="main-panel-header rounded-window-top">
            <span class="header-content">D:\Selenium\Workspace\HybridTestFramework\src\main\resources\testng_regression.xml</span>
          </div> <!-- main-panel-header rounded-window-top -->
          <div class="main-panel-content rounded-window-bottom">
            <pre>
&lt;?xml version=&quot;1.0&quot; encoding=&quot;UTF-8&quot;?&gt;
&lt;!DOCTYPE suite SYSTEM &quot;http://testng.org/testng-1.0.dtd&quot;&gt;
&lt;suite name=&quot;Test Automation Regression Suite&quot; guice-stage=&quot;DEVELOPMENT&quot;&gt;
  &lt;test name=&quot;Firefox Test Cases&quot;&gt;
    &lt;parameter name=&quot;Browser&quot; value=&quot;firefox&quot;/&gt;
    &lt;classes&gt;
      &lt;class name=&quot;com.project.qa.TestCases.ResultPageTest&quot;/&gt;
      &lt;class name=&quot;com.project.qa.TestCases.HomePageTest&quot;/&gt;
      &lt;class name=&quot;com.project.qa.TestCases.LandingPageTest&quot;/&gt;
    &lt;/classes&gt;
  &lt;/test&gt; &lt;!-- Firefox Test Cases --&gt;
&lt;/suite&gt; &lt;!-- Test Automation Regression Suite --&gt;
            </pre>
          </div> <!-- main-panel-content rounded-window-bottom -->
        </div> <!-- panel -->
        <div panel-name="testlist-Test_Automation_Regression_Suite" class="panel">
          <div class="main-panel-header rounded-window-top">
            <span class="header-content">Tests for Test Automation Regression Suite</span>
          </div> <!-- main-panel-header rounded-window-top -->
          <div class="main-panel-content rounded-window-bottom">
            <ul>
              <li>
                <span class="test-name">Firefox Test Cases (3 classes)</span>
              </li>
            </ul>
          </div> <!-- main-panel-content rounded-window-bottom -->
        </div> <!-- panel -->
        <div panel-name="group-Test_Automation_Regression_Suite" class="panel">
          <div class="main-panel-header rounded-window-top">
            <span class="header-content">Groups for Test Automation Regression Suite</span>
          </div> <!-- main-panel-header rounded-window-top -->
          <div class="main-panel-content rounded-window-bottom">
          </div> <!-- main-panel-content rounded-window-bottom -->
        </div> <!-- panel -->
        <div panel-name="times-Test_Automation_Regression_Suite" class="panel">
          <div class="main-panel-header rounded-window-top">
            <span class="header-content">Times for Test Automation Regression Suite</span>
          </div> <!-- main-panel-header rounded-window-top -->
          <div class="main-panel-content rounded-window-bottom">
            <div class="times-div">
              <script type="text/javascript">
suiteTableInitFunctions.push('tableData_Test_Automation_Regression_Suite');
function tableData_Test_Automation_Regression_Suite() {
var data = new google.visualization.DataTable();
data.addColumn('number', 'Number');
data.addColumn('string', 'Method');
data.addColumn('string', 'Class');
data.addColumn('number', 'Time (ms)');
data.addRows(9);
data.setCell(0, 0, 0)
data.setCell(0, 1, 'searchTest')
data.setCell(0, 2, 'com.project.qa.TestCases.HomePageTest')
data.setCell(0, 3, 2419);
data.setCell(1, 0, 1)
data.setCell(1, 1, 'searchTest')
data.setCell(1, 2, 'com.project.qa.TestCases.HomePageTest')
data.setCell(1, 3, 2126);
data.setCell(2, 0, 2)
data.setCell(2, 1, 'searchTest')
data.setCell(2, 2, 'com.project.qa.TestCases.HomePageTest')
data.setCell(2, 3, 2103);
data.setCell(3, 0, 3)
data.setCell(3, 1, 'validateTitleTest')
data.setCell(3, 2, 'com.project.qa.TestCases.ResultPageTest')
data.setCell(3, 3, 2039);
data.setCell(4, 0, 4)
data.setCell(4, 1, 'searchTest')
data.setCell(4, 2, 'com.project.qa.TestCases.HomePageTest')
data.setCell(4, 3, 1744);
data.setCell(5, 0, 5)
data.setCell(5, 1, 'validateLogoTest')
data.setCell(5, 2, 'com.project.qa.TestCases.HomePageTest')
data.setCell(5, 3, 49);
data.setCell(6, 0, 6)
data.setCell(6, 1, 'homePageTitleTest')
data.setCell(6, 2, 'com.project.qa.TestCases.HomePageTest')
data.setCell(6, 3, 10);
data.setCell(7, 0, 7)
data.setCell(7, 1, 'validatePageTitleTest')
data.setCell(7, 2, 'com.project.qa.TestCases.LandingPageTest')
data.setCell(7, 3, 2);
data.setCell(8, 0, 8)
data.setCell(8, 1, 'validateSearchResultTest')
data.setCell(8, 2, 'com.project.qa.TestCases.LandingPageTest')
data.setCell(8, 3, 1);
window.suiteTableData['Test_Automation_Regression_Suite']= { tableData: data, tableDiv: 'times-div-Test_Automation_Regression_Suite'}
return data;
}
              </script>
              <span class="suite-total-time">Total running time: 10 seconds</span>
              <div id="times-div-Test_Automation_Regression_Suite">
              </div> <!-- times-div-Test_Automation_Regression_Suite -->
            </div> <!-- times-div -->
          </div> <!-- main-panel-content rounded-window-bottom -->
        </div> <!-- panel -->
        <div panel-name="reporter-Test_Automation_Regression_Suite" class="panel">
          <div class="main-panel-header rounded-window-top">
            <span class="header-content">Reporter output for Test Automation Regression Suite</span>
          </div> <!-- main-panel-header rounded-window-top -->
          <div class="main-panel-content rounded-window-bottom">
          </div> <!-- main-panel-content rounded-window-bottom -->
        </div> <!-- panel -->
        <div panel-name="ignored-methods-Test_Automation_Regression_Suite" class="panel">
          <div class="main-panel-header rounded-window-top">
            <span class="header-content">6 ignored methods</span>
          </div> <!-- main-panel-header rounded-window-top -->
          <div class="main-panel-content rounded-window-bottom">
            <div class="ignored-class-div">
              <span class="ignored-class-name">com.project.qa.TestCases.LandingPageTest</span>
              <div class="ignored-methods-div">
                <span class="ignored-method-name">cleanupSuite</span>
                <br/>
                <span class="ignored-method-name">setExtent</span>
                <br/>
                <span class="ignored-method-name">endReport</span>
                <br/>
              </div> <!-- ignored-methods-div -->
            </div> <!-- ignored-class-div -->
            <div class="ignored-class-div">
              <span class="ignored-class-name">com.project.qa.TestCases.HomePageTest</span>
              <div class="ignored-methods-div">
                <span class="ignored-method-name">cleanupSuite</span>
                <br/>
                <span class="ignored-method-name">setExtent</span>
                <br/>
                <span class="ignored-method-name">endReport</span>
                <br/>
              </div> <!-- ignored-methods-div -->
            </div> <!-- ignored-class-div -->
          </div> <!-- main-panel-content rounded-window-bottom -->
        </div> <!-- panel -->
        <div panel-name="chronological-Test_Automation_Regression_Suite" class="panel">
          <div class="main-panel-header rounded-window-top">
            <span class="header-content">Methods in chronological order</span>
          </div> <!-- main-panel-header rounded-window-top -->
          <div class="main-panel-content rounded-window-bottom">
            <div class="chronological-class">
              <div class="chronological-class-name">com.project.qa.TestCases.ResultPageTest</div> <!-- chronological-class-name -->
              <div class="configuration-test before">
                <span class="method-name">setExtent</span>
                <span class="method-start">0 ms</span>
              </div> <!-- configuration-test before -->
              <div class="configuration-method before">
                <span class="method-name">setUp(firefox)</span>
                <span class="method-start">411 ms</span>
              </div> <!-- configuration-method before -->
              <div class="test-method">
                <span class="method-name">validateTitleTest(public void com.project.qa.TestCases.ResultPageTest.validateTitleTest(java.lang.reflect.Method) thro...)</span>
                <span class="method-start">18749 ms</span>
              </div> <!-- test-method -->
              <div class="configuration-method after">
                <span class="method-name">tearDown([TestResult name=validateTitleTest status=SUCCESS method=ResultPageTest.validateTitleTest(java.lang....)</span>
                <span class="method-start">20790 ms</span>
              </div> <!-- configuration-method after -->
            </div> <!-- chronological-class -->
            <div class="chronological-class">
              <div class="chronological-class-name">com.project.qa.TestCases.HomePageTest</div> <!-- chronological-class-name -->
              <div class="configuration-method before">
                <span class="method-name">setUp(firefox)</span>
                <span class="method-start">27757 ms</span>
              </div> <!-- configuration-method before -->
              <div class="test-method">
                <span class="method-name">homePageTitleTest(public void com.project.qa.TestCases.HomePageTest.homePageTitleTest(java.lang.reflect.Method))</span>
                <span class="method-start">33651 ms</span>
              </div> <!-- test-method -->
              <div class="configuration-method after">
                <span class="method-name">tearDown([TestResult name=homePageTitleTest status=SUCCESS method=HomePageTest.homePageTitleTest(java.lang.re...)</span>
                <span class="method-start">33663 ms</span>
              </div> <!-- configuration-method after -->
            </div> <!-- chronological-class -->
            <div class="chronological-class">
              <div class="chronological-class-name">com.project.qa.TestCases.LandingPageTest</div> <!-- chronological-class-name -->
              <div class="configuration-method before">
                <span class="method-name">setUp(firefox)</span>
                <span class="method-start">37364 ms</span>
              </div> <!-- configuration-method before -->
              <div class="test-method">
                <img src="failed.png">
                </img>
                <span class="method-name">validatePageTitleTest(public void com.project.qa.TestCases.LandingPageTest.validatePageTitleTest(java.lang.reflect.Method))</span>
                <span class="method-start">43267 ms</span>
              </div> <!-- test-method -->
              <div class="configuration-method after">
                <span class="method-name">tearDown([TestResult name=validatePageTitleTest status=FAILURE method=LandingPageTest.validatePageTitleTest(j...)</span>
                <span class="method-start">43273 ms</span>
              </div> <!-- configuration-method after -->
            </div> <!-- chronological-class -->
            <div class="chronological-class">
              <div class="chronological-class-name">com.project.qa.TestCases.HomePageTest</div> <!-- chronological-class-name -->
              <div class="configuration-method before">
                <span class="method-name">setUp(firefox)</span>
                <span class="method-start">47442 ms</span>
              </div> <!-- configuration-method before -->
              <div class="test-method">
                <span class="method-name">validateLogoTest(public void com.project.qa.TestCases.HomePageTest.validateLogoTest(java.lang.reflect.Method))</span>
                <span class="method-start">53156 ms</span>
              </div> <!-- test-method -->
              <div class="configuration-method after">
                <span class="method-name">tearDown([TestResult name=validateLogoTest status=SUCCESS method=HomePageTest.validateLogoTest(java.lang.refl...)</span>
                <span class="method-start">53206 ms</span>
              </div> <!-- configuration-method after -->
            </div> <!-- chronological-class -->
            <div class="chronological-class">
              <div class="chronological-class-name">com.project.qa.TestCases.LandingPageTest</div> <!-- chronological-class-name -->
              <div class="configuration-method before">
                <span class="method-name">setUp(firefox)</span>
                <span class="method-start">56388 ms</span>
              </div> <!-- configuration-method before -->
              <div class="test-method">
                <img src="failed.png">
                </img>
                <span class="method-name">validateSearchResultTest(public void com.project.qa.TestCases.LandingPageTest.validateSearchResultTest(java.lang.reflect.Meth...)</span>
                <span class="method-start">62327 ms</span>
              </div> <!-- test-method -->
              <div class="configuration-method after">
                <span class="method-name">tearDown([TestResult name=validateSearchResultTest status=FAILURE method=LandingPageTest.validateSearchResult...)</span>
                <span class="method-start">62330 ms</span>
              </div> <!-- configuration-method after -->
            </div> <!-- chronological-class -->
            <div class="chronological-class">
              <div class="chronological-class-name">com.project.qa.TestCases.HomePageTest</div> <!-- chronological-class-name -->
              <div class="configuration-method before">
                <span class="method-name">setUp(firefox)</span>
                <span class="method-start">67710 ms</span>
              </div> <!-- configuration-method before -->
              <div class="test-method">
                <span class="method-name">searchTest(Selenium, public void com.project.qa.TestCases.HomePageTest.searchTest(java.lang.String,java.lang.re...)</span>
                <span class="method-start">73093 ms</span>
              </div> <!-- test-method -->
              <div class="configuration-method after">
                <span class="method-name">tearDown([TestResult name=searchTest status=SUCCESS method=HomePageTest.searchTest(java.lang.String, java.lan...)</span>
                <span class="method-start">75220 ms</span>
              </div> <!-- configuration-method after -->
              <div class="configuration-method before">
                <span class="method-name">setUp(firefox)</span>
                <span class="method-start">81951 ms</span>
              </div> <!-- configuration-method before -->
              <div class="test-method">
                <span class="method-name">searchTest(Wikipedia, public void com.project.qa.TestCases.HomePageTest.searchTest(java.lang.String,java.lang.r...)</span>
                <span class="method-start">87831 ms</span>
              </div> <!-- test-method -->
              <div class="configuration-method after">
                <span class="method-name">tearDown([TestResult name=searchTest status=SUCCESS method=HomePageTest.searchTest(java.lang.String, java.lan...)</span>
                <span class="method-start">89935 ms</span>
              </div> <!-- configuration-method after -->
              <div class="configuration-method before">
                <span class="method-name">setUp(firefox)</span>
                <span class="method-start">95488 ms</span>
              </div> <!-- configuration-method before -->
              <div class="test-method">
                <span class="method-name">searchTest(Testing, public void com.project.qa.TestCases.HomePageTest.searchTest(java.lang.String,java.lang.ref...)</span>
                <span class="method-start">101415 ms</span>
              </div> <!-- test-method -->
              <div class="configuration-method after">
                <span class="method-name">tearDown([TestResult name=searchTest status=SUCCESS method=HomePageTest.searchTest(java.lang.String, java.lan...)</span>
                <span class="method-start">103836 ms</span>
              </div> <!-- configuration-method after -->
              <div class="configuration-method before">
                <span class="method-name">setUp(firefox)</span>
                <span class="method-start">108828 ms</span>
              </div> <!-- configuration-method before -->
              <div class="test-method">
                <span class="method-name">searchTest(Test, public void com.project.qa.TestCases.HomePageTest.searchTest(java.lang.String,java.lang.reflec...)</span>
                <span class="method-start">115154 ms</span>
              </div> <!-- test-method -->
              <div class="configuration-method after">
                <span class="method-name">tearDown([TestResult name=searchTest status=SUCCESS method=HomePageTest.searchTest(java.lang.String, java.lan...)</span>
                <span class="method-start">116900 ms</span>
              </div> <!-- configuration-method after -->
            </div> <!-- chronological-class -->
            <div class="chronological-class">
              <div class="chronological-class-name">com.project.qa.TestCases.ResultPageTest</div> <!-- chronological-class-name -->
              <div class="configuration-test after">
                <span class="method-name">endReport</span>
                <span class="method-start">121315 ms</span>
              </div> <!-- configuration-test after -->
              <div class="configuration-suite after">
                <span class="method-name">cleanupSuite</span>
                <span class="method-start">121711 ms</span>
              </div> <!-- configuration-suite after -->
          </div> <!-- main-panel-content rounded-window-bottom -->
        </div> <!-- panel -->
      </div> <!-- main-panel-root -->
    </div> <!-- wrapper -->
  </body>
</html>
