<?xml version="1.0" encoding="UTF-8"?>
<testng-results ignored="6" total="15" passed="7" failed="2" skipped="0">
  <reporter-output>
  </reporter-output>
  <suite started-at="2019-08-30T12:34:18Z" name="Test Automation Regression Suite" finished-at="2019-08-30T12:36:20Z" duration-ms="121663">
    <groups>
    </groups>
    <test started-at="2019-08-30T12:34:18Z" name="Firefox Test Cases" finished-at="2019-08-30T12:36:20Z" duration-ms="121663">
      <class name="com.project.qa.TestCases.ResultPageTest">
        <test-method is-config="true" signature="setExtent()[pri:0, instance:com.project.qa.TestCases.ResultPageTest@741a8937]" started-at="2019-08-30T18:04:18Z" name="setExtent" finished-at="2019-08-30T18:04:19Z" duration-ms="402" status="PASS">
          <reporter-output>
          </reporter-output>
        </test-method> <!-- setExtent -->
        <test-method is-config="true" signature="setUp(java.lang.String)[pri:0, instance:com.project.qa.TestCases.ResultPageTest@741a8937]" started-at="2019-08-30T18:04:19Z" name="setUp" finished-at="2019-08-30T18:04:37Z" duration-ms="18338" status="PASS">
          <params>
            <param index="0">
              <value>
                <![CDATA[firefox]]>
              </value>
            </param>
          </params>
          <reporter-output>
          </reporter-output>
        </test-method> <!-- setUp -->
        <test-method signature="validateTitleTest(java.lang.reflect.Method)[pri:1, instance:com.project.qa.TestCases.ResultPageTest@741a8937]" started-at="2019-08-30T18:04:37Z" name="validateTitleTest" finished-at="2019-08-30T18:04:39Z" duration-ms="2039" status="PASS">
          <params>
            <param index="0">
              <value>
                <![CDATA[public void com.project.qa.TestCases.ResultPageTest.validateTitleTest(java.lang.reflect.Method) throws java.lang.InterruptedException]]>
              </value>
            </param>
          </params>
          <reporter-output>
          </reporter-output>
        </test-method> <!-- validateTitleTest -->
        <test-method is-config="true" signature="tearDown(org.testng.ITestResult)[pri:0, instance:com.project.qa.TestCases.ResultPageTest@741a8937]" started-at="2019-08-30T18:04:39Z" name="tearDown" finished-at="2019-08-30T18:04:46Z" duration-ms="6964" status="PASS">
          <params>
            <param index="0">
              <value>
                <![CDATA[[TestResult name=validateTitleTest status=SUCCESS method=ResultPageTest.validateTitleTest(java.lang.reflect.Method)[pri:1, instance:com.project.qa.TestCases.ResultPageTest@741a8937] output={null}]]]>
              </value>
            </param>
          </params>
          <reporter-output>
          </reporter-output>
        </test-method> <!-- tearDown -->
        <test-method is-config="true" signature="endReport()[pri:0, instance:com.project.qa.TestCases.ResultPageTest@741a8937]" started-at="2019-08-30T18:06:20Z" name="endReport" finished-at="2019-08-30T18:06:20Z" duration-ms="344" status="PASS">
          <reporter-output>
          </reporter-output>
        </test-method> <!-- endReport -->
        <test-method is-config="true" signature="cleanupSuite()[pri:0, instance:com.project.qa.TestCases.ResultPageTest@741a8937]" started-at="2019-08-30T18:06:20Z" name="cleanupSuite" finished-at="2019-08-30T18:06:20Z" duration-ms="1" status="PASS">
          <reporter-output>
          </reporter-output>
        </test-method> <!-- cleanupSuite -->
      </class> <!-- com.project.qa.TestCases.ResultPageTest -->
      <class name="com.project.qa.TestCases.HomePageTest">
        <test-method is-config="true" signature="setUp(java.lang.String)[pri:0, instance:com.project.qa.TestCases.HomePageTest@306e95ec]" started-at="2019-08-30T18:04:46Z" name="setUp" finished-at="2019-08-30T18:04:52Z" duration-ms="5894" status="PASS">
          <params>
            <param index="0">
              <value>
                <![CDATA[firefox]]>
              </value>
            </param>
          </params>
          <reporter-output>
          </reporter-output>
        </test-method> <!-- setUp -->
        <test-method signature="homePageTitleTest(java.lang.reflect.Method)[pri:1, instance:com.project.qa.TestCases.HomePageTest@306e95ec]" started-at="2019-08-30T18:04:52Z" name="homePageTitleTest" finished-at="2019-08-30T18:04:52Z" duration-ms="10" status="PASS">
          <params>
            <param index="0">
              <value>
                <![CDATA[public void com.project.qa.TestCases.HomePageTest.homePageTitleTest(java.lang.reflect.Method)]]>
              </value>
            </param>
          </params>
          <reporter-output>
          </reporter-output>
        </test-method> <!-- homePageTitleTest -->
        <test-method is-config="true" signature="tearDown(org.testng.ITestResult)[pri:0, instance:com.project.qa.TestCases.HomePageTest@306e95ec]" started-at="2019-08-30T18:04:52Z" name="tearDown" finished-at="2019-08-30T18:04:56Z" duration-ms="3700" status="PASS">
          <params>
            <param index="0">
              <value>
                <![CDATA[[TestResult name=homePageTitleTest status=SUCCESS method=HomePageTest.homePageTitleTest(java.lang.reflect.Method)[pri:1, instance:com.project.qa.TestCases.HomePageTest@306e95ec] output={null}]]]>
              </value>
            </param>
          </params>
          <reporter-output>
          </reporter-output>
        </test-method> <!-- tearDown -->
        <test-method is-config="true" signature="setUp(java.lang.String)[pri:0, instance:com.project.qa.TestCases.HomePageTest@306e95ec]" started-at="2019-08-30T18:05:06Z" name="setUp" finished-at="2019-08-30T18:05:12Z" duration-ms="5714" status="PASS">
          <params>
            <param index="0">
              <value>
                <![CDATA[firefox]]>
              </value>
            </param>
          </params>
          <reporter-output>
          </reporter-output>
        </test-method> <!-- setUp -->
        <test-method signature="validateLogoTest(java.lang.reflect.Method)[pri:2, instance:com.project.qa.TestCases.HomePageTest@306e95ec]" started-at="2019-08-30T18:05:12Z" name="validateLogoTest" finished-at="2019-08-30T18:05:12Z" duration-ms="49" status="PASS">
          <params>
            <param index="0">
              <value>
                <![CDATA[public void com.project.qa.TestCases.HomePageTest.validateLogoTest(java.lang.reflect.Method)]]>
              </value>
            </param>
          </params>
          <reporter-output>
          </reporter-output>
        </test-method> <!-- validateLogoTest -->
        <test-method is-config="true" signature="tearDown(org.testng.ITestResult)[pri:0, instance:com.project.qa.TestCases.HomePageTest@306e95ec]" started-at="2019-08-30T18:05:12Z" name="tearDown" finished-at="2019-08-30T18:05:15Z" duration-ms="3182" status="PASS">
          <params>
            <param index="0">
              <value>
                <![CDATA[[TestResult name=validateLogoTest status=SUCCESS method=HomePageTest.validateLogoTest(java.lang.reflect.Method)[pri:2, instance:com.project.qa.TestCases.HomePageTest@306e95ec] output={null}]]]>
              </value>
            </param>
          </params>
          <reporter-output>
          </reporter-output>
        </test-method> <!-- tearDown -->
        <test-method is-config="true" signature="setUp(java.lang.String)[pri:0, instance:com.project.qa.TestCases.HomePageTest@306e95ec]" started-at="2019-08-30T18:05:26Z" name="setUp" finished-at="2019-08-30T18:05:31Z" duration-ms="5383" status="PASS">
          <params>
            <param index="0">
              <value>
                <![CDATA[firefox]]>
              </value>
            </param>
          </params>
          <reporter-output>
          </reporter-output>
        </test-method> <!-- setUp -->
        <test-method signature="searchTest(java.lang.String, java.lang.reflect.Method)[pri:3, instance:com.project.qa.TestCases.HomePageTest@306e95ec]" started-at="2019-08-30T18:05:31Z" name="searchTest" data-provider="getExcelTestData" finished-at="2019-08-30T18:05:34Z" duration-ms="2126" status="PASS">
          <params>
            <param index="0">
              <value>
                <![CDATA[Selenium]]>
              </value>
            </param>
            <param index="1">
              <value>
                <![CDATA[public void com.project.qa.TestCases.HomePageTest.searchTest(java.lang.String,java.lang.reflect.Method)]]>
              </value>
            </param>
          </params>
          <reporter-output>
          </reporter-output>
        </test-method> <!-- searchTest -->
        <test-method is-config="true" signature="tearDown(org.testng.ITestResult)[pri:0, instance:com.project.qa.TestCases.HomePageTest@306e95ec]" started-at="2019-08-30T18:05:34Z" name="tearDown" finished-at="2019-08-30T18:05:40Z" duration-ms="6730" status="PASS">
          <params>
            <param index="0">
              <value>
                <![CDATA[[TestResult name=searchTest status=SUCCESS method=HomePageTest.searchTest(java.lang.String, java.lang.reflect.Method)[pri:3, instance:com.project.qa.TestCases.HomePageTest@306e95ec] output={null}]]]>
              </value>
            </param>
          </params>
          <reporter-output>
          </reporter-output>
        </test-method> <!-- tearDown -->
        <test-method is-config="true" signature="setUp(java.lang.String)[pri:0, instance:com.project.qa.TestCases.HomePageTest@306e95ec]" started-at="2019-08-30T18:05:40Z" name="setUp" finished-at="2019-08-30T18:05:46Z" duration-ms="5880" status="PASS">
          <params>
            <param index="0">
              <value>
                <![CDATA[firefox]]>
              </value>
            </param>
          </params>
          <reporter-output>
          </reporter-output>
        </test-method> <!-- setUp -->
        <test-method signature="searchTest(java.lang.String, java.lang.reflect.Method)[pri:3, instance:com.project.qa.TestCases.HomePageTest@306e95ec]" started-at="2019-08-30T18:05:46Z" name="searchTest" data-provider="getExcelTestData" finished-at="2019-08-30T18:05:48Z" duration-ms="2103" status="PASS">
          <params>
            <param index="0">
              <value>
                <![CDATA[Wikipedia]]>
              </value>
            </param>
            <param index="1">
              <value>
                <![CDATA[public void com.project.qa.TestCases.HomePageTest.searchTest(java.lang.String,java.lang.reflect.Method)]]>
              </value>
            </param>
          </params>
          <reporter-output>
          </reporter-output>
        </test-method> <!-- searchTest -->
        <test-method is-config="true" signature="tearDown(org.testng.ITestResult)[pri:0, instance:com.project.qa.TestCases.HomePageTest@306e95ec]" started-at="2019-08-30T18:05:48Z" name="tearDown" finished-at="2019-08-30T18:05:54Z" duration-ms="5553" status="PASS">
          <params>
            <param index="0">
              <value>
                <![CDATA[[TestResult name=searchTest status=SUCCESS method=HomePageTest.searchTest(java.lang.String, java.lang.reflect.Method)[pri:3, instance:com.project.qa.TestCases.HomePageTest@306e95ec] output={null}]]]>
              </value>
            </param>
          </params>
          <reporter-output>
          </reporter-output>
        </test-method> <!-- tearDown -->
        <test-method is-config="true" signature="setUp(java.lang.String)[pri:0, instance:com.project.qa.TestCases.HomePageTest@306e95ec]" started-at="2019-08-30T18:05:54Z" name="setUp" finished-at="2019-08-30T18:06:00Z" duration-ms="5927" status="PASS">
          <params>
            <param index="0">
              <value>
                <![CDATA[firefox]]>
              </value>
            </param>
          </params>
          <reporter-output>
          </reporter-output>
        </test-method> <!-- setUp -->
        <test-method signature="searchTest(java.lang.String, java.lang.reflect.Method)[pri:3, instance:com.project.qa.TestCases.HomePageTest@306e95ec]" started-at="2019-08-30T18:06:00Z" name="searchTest" data-provider="getExcelTestData" finished-at="2019-08-30T18:06:02Z" duration-ms="2419" status="PASS">
          <params>
            <param index="0">
              <value>
                <![CDATA[Testing]]>
              </value>
            </param>
            <param index="1">
              <value>
                <![CDATA[public void com.project.qa.TestCases.HomePageTest.searchTest(java.lang.String,java.lang.reflect.Method)]]>
              </value>
            </param>
          </params>
          <reporter-output>
          </reporter-output>
        </test-method> <!-- searchTest -->
        <test-method is-config="true" signature="tearDown(org.testng.ITestResult)[pri:0, instance:com.project.qa.TestCases.HomePageTest@306e95ec]" started-at="2019-08-30T18:06:02Z" name="tearDown" finished-at="2019-08-30T18:06:07Z" duration-ms="4992" status="PASS">
          <params>
            <param index="0">
              <value>
                <![CDATA[[TestResult name=searchTest status=SUCCESS method=HomePageTest.searchTest(java.lang.String, java.lang.reflect.Method)[pri:3, instance:com.project.qa.TestCases.HomePageTest@306e95ec] output={null}]]]>
              </value>
            </param>
          </params>
          <reporter-output>
          </reporter-output>
        </test-method> <!-- tearDown -->
        <test-method is-config="true" signature="setUp(java.lang.String)[pri:0, instance:com.project.qa.TestCases.HomePageTest@306e95ec]" started-at="2019-08-30T18:06:07Z" name="setUp" finished-at="2019-08-30T18:06:14Z" duration-ms="6326" status="PASS">
          <params>
            <param index="0">
              <value>
                <![CDATA[firefox]]>
              </value>
            </param>
          </params>
          <reporter-output>
          </reporter-output>
        </test-method> <!-- setUp -->
        <test-method signature="searchTest(java.lang.String, java.lang.reflect.Method)[pri:3, instance:com.project.qa.TestCases.HomePageTest@306e95ec]" started-at="2019-08-30T18:06:14Z" name="searchTest" data-provider="getExcelTestData" finished-at="2019-08-30T18:06:15Z" duration-ms="1744" status="PASS">
          <params>
            <param index="0">
              <value>
                <![CDATA[Test]]>
              </value>
            </param>
            <param index="1">
              <value>
                <![CDATA[public void com.project.qa.TestCases.HomePageTest.searchTest(java.lang.String,java.lang.reflect.Method)]]>
              </value>
            </param>
          </params>
          <reporter-output>
          </reporter-output>
        </test-method> <!-- searchTest -->
        <test-method is-config="true" signature="tearDown(org.testng.ITestResult)[pri:0, instance:com.project.qa.TestCases.HomePageTest@306e95ec]" started-at="2019-08-30T18:06:15Z" name="tearDown" finished-at="2019-08-30T18:06:20Z" duration-ms="4415" status="PASS">
          <params>
            <param index="0">
              <value>
                <![CDATA[[TestResult name=searchTest status=SUCCESS method=HomePageTest.searchTest(java.lang.String, java.lang.reflect.Method)[pri:3, instance:com.project.qa.TestCases.HomePageTest@306e95ec] output={null}]]]>
              </value>
            </param>
          </params>
          <reporter-output>
          </reporter-output>
        </test-method> <!-- tearDown -->
      </class> <!-- com.project.qa.TestCases.HomePageTest -->
      <class name="com.project.qa.TestCases.LandingPageTest">
        <test-method is-config="true" signature="setUp(java.lang.String)[pri:0, instance:com.project.qa.TestCases.LandingPageTest@52af26ee]" started-at="2019-08-30T18:04:56Z" name="setUp" finished-at="2019-08-30T18:05:02Z" duration-ms="5903" status="PASS">
          <params>
            <param index="0">
              <value>
                <![CDATA[firefox]]>
              </value>
            </param>
          </params>
          <reporter-output>
          </reporter-output>
        </test-method> <!-- setUp -->
        <test-method signature="validatePageTitleTest(java.lang.reflect.Method)[pri:1, instance:com.project.qa.TestCases.LandingPageTest@52af26ee]" started-at="2019-08-30T18:05:02Z" name="validatePageTitleTest" finished-at="2019-08-30T18:05:02Z" duration-ms="2" status="FAIL">
          <params>
            <param index="0">
              <value>
                <![CDATA[public void com.project.qa.TestCases.LandingPageTest.validatePageTitleTest(java.lang.reflect.Method)]]>
              </value>
            </param>
          </params>
          <exception class="java.lang.NullPointerException">
            <full-stacktrace>
              <![CDATA[java.lang.NullPointerException
	at com.project.qa.TestCases.LandingPageTest.validatePageTitleTest(LandingPageTest.java:43)
	at java.base/jdk.internal.reflect.NativeMethodAccessorImpl.invoke0(Native Method)
	at java.base/jdk.internal.reflect.NativeMethodAccessorImpl.invoke(NativeMethodAccessorImpl.java:62)
	at java.base/jdk.internal.reflect.DelegatingMethodAccessorImpl.invoke(DelegatingMethodAccessorImpl.java:43)
	at java.base/java.lang.reflect.Method.invoke(Method.java:566)
	at org.testng.internal.MethodInvocationHelper.invokeMethod(MethodInvocationHelper.java:108)
	at org.testng.internal.Invoker.invokeMethod(Invoker.java:661)
	at org.testng.internal.Invoker.invokeTestMethod(Invoker.java:869)
	at org.testng.internal.Invoker.invokeTestMethods(Invoker.java:1193)
	at org.testng.internal.TestMethodWorker.invokeTestMethods(TestMethodWorker.java:126)
	at org.testng.internal.TestMethodWorker.run(TestMethodWorker.java:109)
	at org.testng.TestRunner.privateRun(TestRunner.java:744)
	at org.testng.TestRunner.run(TestRunner.java:602)
	at org.testng.SuiteRunner.runTest(SuiteRunner.java:380)
	at org.testng.SuiteRunner.runSequentially(SuiteRunner.java:375)
	at org.testng.SuiteRunner.privateRun(SuiteRunner.java:340)
	at org.testng.SuiteRunner.run(SuiteRunner.java:289)
	at org.testng.SuiteRunnerWorker.runSuite(SuiteRunnerWorker.java:52)
	at org.testng.SuiteRunnerWorker.run(SuiteRunnerWorker.java:86)
	at org.testng.TestNG.runSuitesSequentially(TestNG.java:1301)
	at org.testng.TestNG.runSuitesLocally(TestNG.java:1226)
	at org.testng.TestNG.runSuites(TestNG.java:1144)
	at org.testng.TestNG.run(TestNG.java:1115)
	at org.testng.remote.AbstractRemoteTestNG.run(AbstractRemoteTestNG.java:114)
	at org.testng.remote.RemoteTestNG.initAndRun(RemoteTestNG.java:251)
	at org.testng.remote.RemoteTestNG.main(RemoteTestNG.java:77)
]]>
            </full-stacktrace>
          </exception> <!-- java.lang.NullPointerException -->
          <reporter-output>
          </reporter-output>
        </test-method> <!-- validatePageTitleTest -->
        <test-method is-config="true" signature="tearDown(org.testng.ITestResult)[pri:0, instance:com.project.qa.TestCases.LandingPageTest@52af26ee]" started-at="2019-08-30T18:05:02Z" name="tearDown" finished-at="2019-08-30T18:05:06Z" duration-ms="4169" status="PASS">
          <params>
            <param index="0">
              <value>
                <![CDATA[[TestResult name=validatePageTitleTest status=FAILURE method=LandingPageTest.validatePageTitleTest(java.lang.reflect.Method)[pri:1, instance:com.project.qa.TestCases.LandingPageTest@52af26ee] output={null}]]]>
              </value>
            </param>
          </params>
          <reporter-output>
          </reporter-output>
        </test-method> <!-- tearDown -->
        <test-method is-config="true" signature="setUp(java.lang.String)[pri:0, instance:com.project.qa.TestCases.LandingPageTest@52af26ee]" started-at="2019-08-30T18:05:15Z" name="setUp" finished-at="2019-08-30T18:05:21Z" duration-ms="5938" status="PASS">
          <params>
            <param index="0">
              <value>
                <![CDATA[firefox]]>
              </value>
            </param>
          </params>
          <reporter-output>
          </reporter-output>
        </test-method> <!-- setUp -->
        <test-method signature="validateSearchResultTest(java.lang.reflect.Method)[pri:2, instance:com.project.qa.TestCases.LandingPageTest@52af26ee]" started-at="2019-08-30T18:05:21Z" name="validateSearchResultTest" finished-at="2019-08-30T18:05:21Z" duration-ms="1" status="FAIL">
          <params>
            <param index="0">
              <value>
                <![CDATA[public void com.project.qa.TestCases.LandingPageTest.validateSearchResultTest(java.lang.reflect.Method)]]>
              </value>
            </param>
          </params>
          <exception class="java.lang.NullPointerException">
            <full-stacktrace>
              <![CDATA[java.lang.NullPointerException
	at com.project.qa.TestCases.LandingPageTest.validateSearchResultTest(LandingPageTest.java:50)
	at java.base/jdk.internal.reflect.NativeMethodAccessorImpl.invoke0(Native Method)
	at java.base/jdk.internal.reflect.NativeMethodAccessorImpl.invoke(NativeMethodAccessorImpl.java:62)
	at java.base/jdk.internal.reflect.DelegatingMethodAccessorImpl.invoke(DelegatingMethodAccessorImpl.java:43)
	at java.base/java.lang.reflect.Method.invoke(Method.java:566)
	at org.testng.internal.MethodInvocationHelper.invokeMethod(MethodInvocationHelper.java:108)
	at org.testng.internal.Invoker.invokeMethod(Invoker.java:661)
	at org.testng.internal.Invoker.invokeTestMethod(Invoker.java:869)
	at org.testng.internal.Invoker.invokeTestMethods(Invoker.java:1193)
	at org.testng.internal.TestMethodWorker.invokeTestMethods(TestMethodWorker.java:126)
	at org.testng.internal.TestMethodWorker.run(TestMethodWorker.java:109)
	at org.testng.TestRunner.privateRun(TestRunner.java:744)
	at org.testng.TestRunner.run(TestRunner.java:602)
	at org.testng.SuiteRunner.runTest(SuiteRunner.java:380)
	at org.testng.SuiteRunner.runSequentially(SuiteRunner.java:375)
	at org.testng.SuiteRunner.privateRun(SuiteRunner.java:340)
	at org.testng.SuiteRunner.run(SuiteRunner.java:289)
	at org.testng.SuiteRunnerWorker.runSuite(SuiteRunnerWorker.java:52)
	at org.testng.SuiteRunnerWorker.run(SuiteRunnerWorker.java:86)
	at org.testng.TestNG.runSuitesSequentially(TestNG.java:1301)
	at org.testng.TestNG.runSuitesLocally(TestNG.java:1226)
	at org.testng.TestNG.runSuites(TestNG.java:1144)
	at org.testng.TestNG.run(TestNG.java:1115)
	at org.testng.remote.AbstractRemoteTestNG.run(AbstractRemoteTestNG.java:114)
	at org.testng.remote.RemoteTestNG.initAndRun(RemoteTestNG.java:251)
	at org.testng.remote.RemoteTestNG.main(RemoteTestNG.java:77)
]]>
            </full-stacktrace>
          </exception> <!-- java.lang.NullPointerException -->
          <reporter-output>
          </reporter-output>
        </test-method> <!-- validateSearchResultTest -->
        <test-method is-config="true" signature="tearDown(org.testng.ITestResult)[pri:0, instance:com.project.qa.TestCases.LandingPageTest@52af26ee]" started-at="2019-08-30T18:05:21Z" name="tearDown" finished-at="2019-08-30T18:05:24Z" duration-ms="3765" status="PASS">
          <params>
            <param index="0">
              <value>
                <![CDATA[[TestResult name=validateSearchResultTest status=FAILURE method=LandingPageTest.validateSearchResultTest(java.lang.reflect.Method)[pri:2, instance:com.project.qa.TestCases.LandingPageTest@52af26ee] output={null}]]]>
              </value>
            </param>
          </params>
          <reporter-output>
          </reporter-output>
        </test-method> <!-- tearDown -->
      </class> <!-- com.project.qa.TestCases.LandingPageTest -->
    </test> <!-- Firefox Test Cases -->
  </suite> <!-- Test Automation Regression Suite -->
</testng-results>
