<?xml version="1.0" encoding="UTF-8"?>
<!-- Generated by org.testng.reporters.JUnitXMLReporter -->
<testsuite ignored="6" hostname="SUYPC158" failures="2" tests="9" name="Chrome Test Cases" time="118.284" errors="0" timestamp="30 Aug 2019 10:29:34 GMT">
  <testcase classname="com.project.qa.TestCases.ResultPageTest" name="validateTitleTest" time="2.042"/>
  <testcase classname="com.project.qa.TestCases.HomePageTest" name="homePageTitleTest" time="0.008"/>
  <testcase classname="com.project.qa.TestCases.LandingPageTest" name="validatePageTitleTest" time="0.001">
    <failure type="java.lang.NullPointerException">
      <![CDATA[java.lang.NullPointerException
	at com.project.qa.TestCases.LandingPageTest.validatePageTitleTest(LandingPageTest.java:43)
... Removed 25 stack frames]]>
    </failure>
  </testcase> <!-- validatePageTitleTest -->
  <testcase classname="com.project.qa.TestCases.HomePageTest" name="validateLogoTest" time="0.03"/>
  <testcase classname="com.project.qa.TestCases.LandingPageTest" name="validateSearchResultTest" time="0.001">
    <failure type="java.lang.NullPointerException">
      <![CDATA[java.lang.NullPointerException
	at com.project.qa.TestCases.LandingPageTest.validateSearchResultTest(LandingPageTest.java:50)
... Removed 25 stack frames]]>
    </failure>
  </testcase> <!-- validateSearchResultTest -->
  <testcase classname="com.project.qa.TestCases.HomePageTest" name="searchTest" time="2.15"/>
  <testcase classname="com.project.qa.TestCases.HomePageTest" name="searchTest" time="1.783"/>
  <testcase classname="com.project.qa.TestCases.HomePageTest" name="searchTest" time="2.152"/>
  <testcase classname="com.project.qa.TestCases.HomePageTest" name="searchTest" time="1.826"/>
  <testcase classname="com.project.qa.BaseClass.TestBase" name="@AfterSuite cleanupSuite" time="0.0">
    <ignored/>
  </testcase> <!-- @AfterSuite cleanupSuite -->
  <testcase classname="com.project.qa.BaseClass.TestBase" name="@AfterSuite cleanupSuite" time="0.0">
    <ignored/>
  </testcase> <!-- @AfterSuite cleanupSuite -->
  <testcase classname="com.project.qa.BaseClass.TestBase" name="@BeforeTest setExtent" time="0.0">
    <ignored/>
  </testcase> <!-- @BeforeTest setExtent -->
  <testcase classname="com.project.qa.BaseClass.TestBase" name="@BeforeTest setExtent" time="0.0">
    <ignored/>
  </testcase> <!-- @BeforeTest setExtent -->
  <testcase classname="com.project.qa.BaseClass.TestBase" name="@AfterTest endReport" time="0.0">
    <ignored/>
  </testcase> <!-- @AfterTest endReport -->
  <testcase classname="com.project.qa.BaseClass.TestBase" name="@AfterTest endReport" time="0.0">
    <ignored/>
  </testcase> <!-- @AfterTest endReport -->
</testsuite> <!-- Chrome Test Cases -->
