<?xml version="1.0" encoding="UTF-8"?>
<!-- Generated by org.testng.reporters.JUnitXMLReporter -->
<testsuite ignored="6" hostname="SUYPC158" failures="2" tests="9" name="Firefox Test Cases" time="121.663" errors="0" timestamp="30 Aug 2019 12:36:20 GMT">
  <testcase classname="com.project.qa.TestCases.ResultPageTest" name="validateTitleTest" time="2.039"/>
  <testcase classname="com.project.qa.TestCases.HomePageTest" name="homePageTitleTest" time="0.01"/>
  <testcase classname="com.project.qa.TestCases.LandingPageTest" name="validatePageTitleTest" time="0.002">
    <failure type="java.lang.NullPointerException">
      <![CDATA[java.lang.NullPointerException
	at com.project.qa.TestCases.LandingPageTest.validatePageTitleTest(LandingPageTest.java:43)
... Removed 25 stack frames]]>
    </failure>
  </testcase> <!-- validatePageTitleTest -->
  <testcase classname="com.project.qa.TestCases.HomePageTest" name="validateLogoTest" time="0.049"/>
  <testcase classname="com.project.qa.TestCases.LandingPageTest" name="validateSearchResultTest" time="0.001">
    <failure type="java.lang.NullPointerException">
      <![CDATA[java.lang.NullPointerException
	at com.project.qa.TestCases.LandingPageTest.validateSearchResultTest(LandingPageTest.java:50)
... Removed 25 stack frames]]>
    </failure>
  </testcase> <!-- validateSearchResultTest -->
  <testcase classname="com.project.qa.TestCases.HomePageTest" name="searchTest" time="2.126"/>
  <testcase classname="com.project.qa.TestCases.HomePageTest" name="searchTest" time="2.103"/>
  <testcase classname="com.project.qa.TestCases.HomePageTest" name="searchTest" time="2.419"/>
  <testcase classname="com.project.qa.TestCases.HomePageTest" name="searchTest" time="1.744"/>
  <testcase classname="com.project.qa.BaseClass.TestBase" name="@AfterSuite cleanupSuite" time="0.0">
    <ignored/>
  </testcase> <!-- @AfterSuite cleanupSuite -->
  <testcase classname="com.project.qa.BaseClass.TestBase" name="@AfterSuite cleanupSuite" time="0.0">
    <ignored/>
  </testcase> <!-- @AfterSuite cleanupSuite -->
  <testcase classname="com.project.qa.BaseClass.TestBase" name="@BeforeTest setExtent" time="0.0">
    <ignored/>
  </testcase> <!-- @BeforeTest setExtent -->
  <testcase classname="com.project.qa.BaseClass.TestBase" name="@BeforeTest setExtent" time="0.0">
    <ignored/>
  </testcase> <!-- @BeforeTest setExtent -->
  <testcase classname="com.project.qa.BaseClass.TestBase" name="@AfterTest endReport" time="0.0">
    <ignored/>
  </testcase> <!-- @AfterTest endReport -->
  <testcase classname="com.project.qa.BaseClass.TestBase" name="@AfterTest endReport" time="0.0">
    <ignored/>
  </testcase> <!-- @AfterTest endReport -->
</testsuite> <!-- Firefox Test Cases -->
